2016-06-07 21:41:48,488 - Log4JLogChute initialized using file 'velocity.log'
2016-06-07 21:41:48,489 - Velocity was not initialized! Calling init()...
2016-06-07 21:41:48,489 - Starting Apache Velocity v1.5 (compiled: 2007-02-22 08:52:29)
2016-06-07 21:41:48,489 - Default Properties File: org\apache\velocity\runtime\defaults\velocity.properties
2016-06-07 21:41:48,489 - Trying to use logger class org.apache.velocity.runtime.log.AvalonLogChute
2016-06-07 21:41:48,490 - Couldn't find class org.apache.velocity.runtime.log.AvalonLogChute or necessary supporting classes in classpath.
java.lang.NoClassDefFoundError: org/apache/log/format/Formatter
	at java.lang.Class.forName0(Native Method)
	at java.lang.Class.forName(Class.java:348)
	at org.apache.velocity.util.ClassUtils.getClass(ClassUtils.java:63)
	at org.apache.velocity.util.ClassUtils.getNewInstance(ClassUtils.java:95)
	at org.apache.velocity.runtime.log.LogManager.createLogChute(LogManager.java:147)
	at org.apache.velocity.runtime.log.LogManager.updateLog(LogManager.java:208)
	at org.apache.velocity.runtime.RuntimeInstance.initializeLog(RuntimeInstance.java:728)
	at org.apache.velocity.runtime.RuntimeInstance.init(RuntimeInstance.java:240)
	at org.apache.velocity.runtime.RuntimeInstance.parse(RuntimeInstance.java:993)
	at org.apache.velocity.runtime.RuntimeInstance.parse(RuntimeInstance.java:972)
	at org.apache.velocity.runtime.RuntimeSingleton.parse(RuntimeSingleton.java:265)
	at org.apache.velocity.app.Velocity.evaluate(Velocity.java:274)
	at org.sonatype.mavenbook.weather.WeatherFormatter.format(WeatherFormatter.java:21)
	at org.sonatype.mavenbook.weather.yahoo.WeatherFormatterTest.testFormat(WeatherFormatterTest.java:23)
	at sun.reflect.NativeMethodAccessorImpl.invoke0(Native Method)
	at sun.reflect.NativeMethodAccessorImpl.invoke(NativeMethodAccessorImpl.java:62)
	at sun.reflect.DelegatingMethodAccessorImpl.invoke(DelegatingMethodAccessorImpl.java:43)
	at java.lang.reflect.Method.invoke(Method.java:497)
	at junit.framework.TestCase.runTest(TestCase.java:154)
	at junit.framework.TestCase.runBare(TestCase.java:127)
	at junit.framework.TestResult$1.protect(TestResult.java:106)
	at junit.framework.TestResult.runProtected(TestResult.java:124)
	at junit.framework.TestResult.run(TestResult.java:109)
	at junit.framework.TestCase.run(TestCase.java:118)
	at junit.framework.TestSuite.runTest(TestSuite.java:208)
	at junit.framework.TestSuite.run(TestSuite.java:203)
	at sun.reflect.NativeMethodAccessorImpl.invoke0(Native Method)
	at sun.reflect.NativeMethodAccessorImpl.invoke(NativeMethodAccessorImpl.java:62)
	at sun.reflect.DelegatingMethodAccessorImpl.invoke(DelegatingMethodAccessorImpl.java:43)
	at java.lang.reflect.Method.invoke(Method.java:497)
	at org.apache.maven.surefire.junit.JUnitTestSet.execute(JUnitTestSet.java:95)
	at org.apache.maven.surefire.junit.JUnit3Provider.executeTestSet(JUnit3Provider.java:121)
	at org.apache.maven.surefire.junit.JUnit3Provider.invoke(JUnit3Provider.java:98)
	at sun.reflect.NativeMethodAccessorImpl.invoke0(Native Method)
	at sun.reflect.NativeMethodAccessorImpl.invoke(NativeMethodAccessorImpl.java:62)
	at sun.reflect.DelegatingMethodAccessorImpl.invoke(DelegatingMethodAccessorImpl.java:43)
	at java.lang.reflect.Method.invoke(Method.java:497)
	at org.apache.maven.surefire.util.ReflectionUtils.invokeMethodWithArray(ReflectionUtils.java:189)
	at org.apache.maven.surefire.booter.ProviderFactory$ProviderProxy.invoke(ProviderFactory.java:165)
	at org.apache.maven.surefire.booter.ProviderFactory.invokeProvider(ProviderFactory.java:85)
	at org.apache.maven.surefire.booter.ForkedBooter.runSuitesInProcess(ForkedBooter.java:115)
	at org.apache.maven.surefire.booter.ForkedBooter.main(ForkedBooter.java:75)
Caused by: java.lang.ClassNotFoundException: org.apache.log.format.Formatter
	at java.net.URLClassLoader.findClass(URLClassLoader.java:381)
	at java.lang.ClassLoader.loadClass(ClassLoader.java:424)
	at sun.misc.Launcher$AppClassLoader.loadClass(Launcher.java:331)
	at java.lang.ClassLoader.loadClass(ClassLoader.java:357)
	... 42 more
2016-06-07 21:41:48,492 - Trying to use logger class org.apache.velocity.runtime.log.Log4JLogChute
2016-06-07 21:41:48,492 - Using logger class org.apache.velocity.runtime.log.Log4JLogChute
2016-06-07 21:41:48,494 - Default ResourceManager initializing. (class org.apache.velocity.runtime.resource.ResourceManagerImpl)
2016-06-07 21:41:48,495 - ResourceLoader instantiated: org.apache.velocity.runtime.resource.loader.FileResourceLoader
2016-06-07 21:41:48,496 - Do unicode file recognition:  false
2016-06-07 21:41:48,496 - FileResourceLoader : adding path '.'
2016-06-07 21:41:48,506 - ResourceCache: initialized (class org.apache.velocity.runtime.resource.ResourceCacheImpl)
2016-06-07 21:41:48,507 - Loaded System Directive: org.apache.velocity.runtime.directive.Literal
2016-06-07 21:41:48,508 - Loaded System Directive: org.apache.velocity.runtime.directive.Macro
2016-06-07 21:41:48,509 - Loaded System Directive: org.apache.velocity.runtime.directive.Parse
2016-06-07 21:41:48,510 - Loaded System Directive: org.apache.velocity.runtime.directive.Include
2016-06-07 21:41:48,510 - Loaded System Directive: org.apache.velocity.runtime.directive.Foreach
2016-06-07 21:41:48,529 - Created '20' parsers.
2016-06-07 21:41:48,533 - Velocimacro : "velocimacro.library" is not set.  Trying default library: VM_global_library.vm
2016-06-07 21:41:48,533 - Velocimacro : Default library not found.
2016-06-07 21:41:48,533 - Velocimacro : allowInline = true : VMs can be defined inline in templates
2016-06-07 21:41:48,533 - Velocimacro : allowInlineToOverride = false : VMs defined inline may NOT replace previous VM definitions
2016-06-07 21:41:48,533 - Velocimacro : allowInlineLocal = false : VMs defined inline will be global in scope if allowed.
2016-06-07 21:41:48,533 - Velocimacro : autoload off : VM system will not automatically reload global library macros
2016-06-07 21:43:43,115 - Log4JLogChute initialized using file 'velocity.log'
2016-06-07 21:43:43,115 - Velocity was not initialized! Calling init()...
2016-06-07 21:43:43,115 - Starting Apache Velocity v1.5 (compiled: 2007-02-22 08:52:29)
2016-06-07 21:43:43,115 - Default Properties File: org\apache\velocity\runtime\defaults\velocity.properties
2016-06-07 21:43:43,115 - Trying to use logger class org.apache.velocity.runtime.log.AvalonLogChute
2016-06-07 21:43:43,116 - Couldn't find class org.apache.velocity.runtime.log.AvalonLogChute or necessary supporting classes in classpath.
java.lang.NoClassDefFoundError: org/apache/log/format/Formatter
	at java.lang.Class.forName0(Native Method)
	at java.lang.Class.forName(Class.java:348)
	at org.apache.velocity.util.ClassUtils.getClass(ClassUtils.java:63)
	at org.apache.velocity.util.ClassUtils.getNewInstance(ClassUtils.java:95)
	at org.apache.velocity.runtime.log.LogManager.createLogChute(LogManager.java:147)
	at org.apache.velocity.runtime.log.LogManager.updateLog(LogManager.java:208)
	at org.apache.velocity.runtime.RuntimeInstance.initializeLog(RuntimeInstance.java:728)
	at org.apache.velocity.runtime.RuntimeInstance.init(RuntimeInstance.java:240)
	at org.apache.velocity.runtime.RuntimeInstance.parse(RuntimeInstance.java:993)
	at org.apache.velocity.runtime.RuntimeInstance.parse(RuntimeInstance.java:972)
	at org.apache.velocity.runtime.RuntimeSingleton.parse(RuntimeSingleton.java:265)
	at org.apache.velocity.app.Velocity.evaluate(Velocity.java:274)
	at org.sonatype.mavenbook.weather.WeatherFormatter.format(WeatherFormatter.java:21)
	at org.sonatype.mavenbook.weather.yahoo.WeatherFormatterTest.testFormat(WeatherFormatterTest.java:23)
	at sun.reflect.NativeMethodAccessorImpl.invoke0(Native Method)
	at sun.reflect.NativeMethodAccessorImpl.invoke(NativeMethodAccessorImpl.java:62)
	at sun.reflect.DelegatingMethodAccessorImpl.invoke(DelegatingMethodAccessorImpl.java:43)
	at java.lang.reflect.Method.invoke(Method.java:497)
	at junit.framework.TestCase.runTest(TestCase.java:154)
	at junit.framework.TestCase.runBare(TestCase.java:127)
	at junit.framework.TestResult$1.protect(TestResult.java:106)
	at junit.framework.TestResult.runProtected(TestResult.java:124)
	at junit.framework.TestResult.run(TestResult.java:109)
	at junit.framework.TestCase.run(TestCase.java:118)
	at junit.framework.TestSuite.runTest(TestSuite.java:208)
	at junit.framework.TestSuite.run(TestSuite.java:203)
	at sun.reflect.NativeMethodAccessorImpl.invoke0(Native Method)
	at sun.reflect.NativeMethodAccessorImpl.invoke(NativeMethodAccessorImpl.java:62)
	at sun.reflect.DelegatingMethodAccessorImpl.invoke(DelegatingMethodAccessorImpl.java:43)
	at java.lang.reflect.Method.invoke(Method.java:497)
	at org.apache.maven.surefire.junit.JUnitTestSet.execute(JUnitTestSet.java:95)
	at org.apache.maven.surefire.junit.JUnit3Provider.executeTestSet(JUnit3Provider.java:121)
	at org.apache.maven.surefire.junit.JUnit3Provider.invoke(JUnit3Provider.java:98)
	at sun.reflect.NativeMethodAccessorImpl.invoke0(Native Method)
	at sun.reflect.NativeMethodAccessorImpl.invoke(NativeMethodAccessorImpl.java:62)
	at sun.reflect.DelegatingMethodAccessorImpl.invoke(DelegatingMethodAccessorImpl.java:43)
	at java.lang.reflect.Method.invoke(Method.java:497)
	at org.apache.maven.surefire.util.ReflectionUtils.invokeMethodWithArray(ReflectionUtils.java:189)
	at org.apache.maven.surefire.booter.ProviderFactory$ProviderProxy.invoke(ProviderFactory.java:165)
	at org.apache.maven.surefire.booter.ProviderFactory.invokeProvider(ProviderFactory.java:85)
	at org.apache.maven.surefire.booter.ForkedBooter.runSuitesInProcess(ForkedBooter.java:115)
	at org.apache.maven.surefire.booter.ForkedBooter.main(ForkedBooter.java:75)
Caused by: java.lang.ClassNotFoundException: org.apache.log.format.Formatter
	at java.net.URLClassLoader.findClass(URLClassLoader.java:381)
	at java.lang.ClassLoader.loadClass(ClassLoader.java:424)
	at sun.misc.Launcher$AppClassLoader.loadClass(Launcher.java:331)
	at java.lang.ClassLoader.loadClass(ClassLoader.java:357)
	... 42 more
2016-06-07 21:43:43,117 - Trying to use logger class org.apache.velocity.runtime.log.Log4JLogChute
2016-06-07 21:43:43,117 - Using logger class org.apache.velocity.runtime.log.Log4JLogChute
2016-06-07 21:43:43,119 - Default ResourceManager initializing. (class org.apache.velocity.runtime.resource.ResourceManagerImpl)
2016-06-07 21:43:43,121 - ResourceLoader instantiated: org.apache.velocity.runtime.resource.loader.FileResourceLoader
2016-06-07 21:43:43,122 - Do unicode file recognition:  false
2016-06-07 21:43:43,122 - FileResourceLoader : adding path '.'
2016-06-07 21:43:43,131 - ResourceCache: initialized (class org.apache.velocity.runtime.resource.ResourceCacheImpl)
2016-06-07 21:43:43,132 - Loaded System Directive: org.apache.velocity.runtime.directive.Literal
2016-06-07 21:43:43,132 - Loaded System Directive: org.apache.velocity.runtime.directive.Macro
2016-06-07 21:43:43,133 - Loaded System Directive: org.apache.velocity.runtime.directive.Parse
2016-06-07 21:43:43,134 - Loaded System Directive: org.apache.velocity.runtime.directive.Include
2016-06-07 21:43:43,134 - Loaded System Directive: org.apache.velocity.runtime.directive.Foreach
2016-06-07 21:43:43,154 - Created '20' parsers.
2016-06-07 21:43:43,158 - Velocimacro : "velocimacro.library" is not set.  Trying default library: VM_global_library.vm
2016-06-07 21:43:43,158 - Velocimacro : Default library not found.
2016-06-07 21:43:43,158 - Velocimacro : allowInline = true : VMs can be defined inline in templates
2016-06-07 21:43:43,158 - Velocimacro : allowInlineToOverride = false : VMs defined inline may NOT replace previous VM definitions
2016-06-07 21:43:43,158 - Velocimacro : allowInlineLocal = false : VMs defined inline will be global in scope if allowed.
2016-06-07 21:43:43,158 - Velocimacro : autoload off : VM system will not automatically reload global library macros
